(0.004) 
            SELECT name, type FROM sqlite_master
            WHERE type in ('table', 'view') AND NOT name='sqlite_sequence'
            ORDER BY name; args=None
(0.000) SELECT "django_migrations"."app", "django_migrations"."name" FROM "django_migrations"; args=()
(0.001) SELECT "oauth2_provider_accesstoken"."id", "oauth2_provider_accesstoken"."user_id", "oauth2_provider_accesstoken"."token", "oauth2_provider_accesstoken"."application_id", "oauth2_provider_accesstoken"."expires", "oauth2_provider_accesstoken"."scope", "profile_profile"."id", "profile_profile"."password", "profile_profile"."last_login", "profile_profile"."is_superuser", "profile_profile"."username", "profile_profile"."first_name", "profile_profile"."last_name", "profile_profile"."is_staff", "profile_profile"."is_active", "profile_profile"."date_joined", "profile_profile"."created", "profile_profile"."last_modified", "profile_profile"."email", "profile_profile"."avatar_url", "profile_profile"."is_partner", "profile_profile"."is_featured", "profile_profile"."last_logged_in", "profile_profile"."phone_number", "oauth2_provider_application"."id", "oauth2_provider_application"."client_id", "oauth2_provider_application"."user_id", "oauth2_provider_application"."redirect_uris", "oauth2_provider_application"."client_type", "oauth2_provider_application"."authorization_grant_type", "oauth2_provider_application"."client_secret", "oauth2_provider_application"."name", "oauth2_provider_application"."skip_authorization" FROM "oauth2_provider_accesstoken" LEFT OUTER JOIN "profile_profile" ON ("oauth2_provider_accesstoken"."user_id" = "profile_profile"."id") INNER JOIN "oauth2_provider_application" ON ("oauth2_provider_accesstoken"."application_id" = "oauth2_provider_application"."id") WHERE "oauth2_provider_accesstoken"."token" = 'TC14TmaY69ZCWa0vSpvN5WKttHIEQE'; args=('TC14TmaY69ZCWa0vSpvN5WKttHIEQE',)
(0.000) SELECT "profile_profile"."id", "profile_profile"."password", "profile_profile"."last_login", "profile_profile"."is_superuser", "profile_profile"."username", "profile_profile"."first_name", "profile_profile"."last_name", "profile_profile"."is_staff", "profile_profile"."is_active", "profile_profile"."date_joined", "profile_profile"."created", "profile_profile"."last_modified", "profile_profile"."email", "profile_profile"."avatar_url", "profile_profile"."is_partner", "profile_profile"."is_featured", "profile_profile"."last_logged_in", "profile_profile"."phone_number" FROM "profile_profile" WHERE "profile_profile"."id" = 1; args=(1,)
(0.000) BEGIN; args=None
(0.000) INSERT INTO "video_video" ("created", "last_modified", "hashtag", "thumbnail_large", "thumbnail_small", "mobile", "low", "high", "hd", "is_active", "pre_signed_upload_url", "is_processing", "processing_progress", "s3_filename", "related_profile_id", "title", "ranking", "is_featured", "category_id", "sub_category_id") VALUES ('2017-06-20 03:33:00.205563', '2017-06-20 03:33:00.205602', '', NULL, NULL, NULL, NULL, NULL, NULL, 0, NULL, 1, 0, NULL, 1, '', 0, 0, NULL, NULL); args=['2017-06-20 03:33:00.205563', '2017-06-20 03:33:00.205602', '', None, None, None, None, None, None, False, None, True, 0, None, 1, '', 0, False, None, None]
(0.000) BEGIN; args=None
(0.000) UPDATE "video_video" SET "created" = '2017-06-20 03:33:00.205563', "last_modified" = '2017-06-20 03:33:00.269883', "hashtag" = '', "thumbnail_large" = 'https://static.goranked.com/1-197f3201-3a75-400a-87ae-c2af1a382fd5-sillytestvid-00001.png', "thumbnail_small" = 'https://static.goranked.com/1-197f3201-3a75-400a-87ae-c2af1a382fd5-sillytestvid-00002.png', "mobile" = NULL, "low" = 'http://videos.goranked.com/1-197f3201-3a75-400a-87ae-c2af1a382fd5-sillytestvid.webm', "high" = 'http://videos.goranked.com/1-197f3201-3a75-400a-87ae-c2af1a382fd5-sillytestvid.mp4', "hd" = NULL, "is_active" = 0, "pre_signed_upload_url" = NULL, "is_processing" = 1, "processing_progress" = 0, "s3_filename" = '1-197f3201-3a75-400a-87ae-c2af1a382fd5-sillytestvid.mp4', "related_profile_id" = 1, "title" = '', "ranking" = 0, "is_featured" = 0, "category_id" = NULL, "sub_category_id" = NULL WHERE "video_video"."id" = 19; args=('2017-06-20 03:33:00.205563', '2017-06-20 03:33:00.269883', '', 'https://static.goranked.com/1-197f3201-3a75-400a-87ae-c2af1a382fd5-sillytestvid-00001.png', 'https://static.goranked.com/1-197f3201-3a75-400a-87ae-c2af1a382fd5-sillytestvid-00002.png', 'http://videos.goranked.com/1-197f3201-3a75-400a-87ae-c2af1a382fd5-sillytestvid.webm', 'http://videos.goranked.com/1-197f3201-3a75-400a-87ae-c2af1a382fd5-sillytestvid.mp4', False, True, 0, '1-197f3201-3a75-400a-87ae-c2af1a382fd5-sillytestvid.mp4', 1, '', 0, False, 19)
"POST /api/v1/videos/upload/ HTTP/1.1" 200 723
(0.001) 
            SELECT name, type FROM sqlite_master
            WHERE type in ('table', 'view') AND NOT name='sqlite_sequence'
            ORDER BY name; args=None
(0.000) SELECT "django_migrations"."app", "django_migrations"."name" FROM "django_migrations"; args=()
(0.001) 
            SELECT name, type FROM sqlite_master
            WHERE type in ('table', 'view') AND NOT name='sqlite_sequence'
            ORDER BY name; args=None
(0.000) SELECT "django_migrations"."app", "django_migrations"."name" FROM "django_migrations"; args=()
(0.001) 
            SELECT name, type FROM sqlite_master
            WHERE type in ('table', 'view') AND NOT name='sqlite_sequence'
            ORDER BY name; args=None
(0.000) SELECT "django_migrations"."app", "django_migrations"."name" FROM "django_migrations"; args=()
(0.001) 
            SELECT name, type FROM sqlite_master
            WHERE type in ('table', 'view') AND NOT name='sqlite_sequence'
            ORDER BY name; args=None
(0.000) SELECT "django_migrations"."app", "django_migrations"."name" FROM "django_migrations"; args=()
(0.001) 
            SELECT name, type FROM sqlite_master
            WHERE type in ('table', 'view') AND NOT name='sqlite_sequence'
            ORDER BY name; args=None
(0.000) SELECT "django_migrations"."app", "django_migrations"."name" FROM "django_migrations"; args=()
(0.001) 
            SELECT name, type FROM sqlite_master
            WHERE type in ('table', 'view') AND NOT name='sqlite_sequence'
            ORDER BY name; args=None
(0.000) SELECT "django_migrations"."app", "django_migrations"."name" FROM "django_migrations"; args=()
(0.001) 
            SELECT name, type FROM sqlite_master
            WHERE type in ('table', 'view') AND NOT name='sqlite_sequence'
            ORDER BY name; args=None
(0.000) SELECT "django_migrations"."app", "django_migrations"."name" FROM "django_migrations"; args=()
(0.001) 
            SELECT name, type FROM sqlite_master
            WHERE type in ('table', 'view') AND NOT name='sqlite_sequence'
            ORDER BY name; args=None
(0.000) SELECT "django_migrations"."app", "django_migrations"."name" FROM "django_migrations"; args=()
(0.001) 
            SELECT name, type FROM sqlite_master
            WHERE type in ('table', 'view') AND NOT name='sqlite_sequence'
            ORDER BY name; args=None
(0.000) SELECT "django_migrations"."app", "django_migrations"."name" FROM "django_migrations"; args=()
(0.001) 
            SELECT name, type FROM sqlite_master
            WHERE type in ('table', 'view') AND NOT name='sqlite_sequence'
            ORDER BY name; args=None
(0.000) SELECT "django_migrations"."app", "django_migrations"."name" FROM "django_migrations"; args=()
(0.001) 
            SELECT name, type FROM sqlite_master
            WHERE type in ('table', 'view') AND NOT name='sqlite_sequence'
            ORDER BY name; args=None
(0.000) SELECT "django_migrations"."app", "django_migrations"."name" FROM "django_migrations"; args=()
(0.001) 
            SELECT name, type FROM sqlite_master
            WHERE type in ('table', 'view') AND NOT name='sqlite_sequence'
            ORDER BY name; args=None
(0.000) SELECT "django_migrations"."app", "django_migrations"."name" FROM "django_migrations"; args=()
(0.001) 
            SELECT name, type FROM sqlite_master
            WHERE type in ('table', 'view') AND NOT name='sqlite_sequence'
            ORDER BY name; args=None
(0.000) SELECT "django_migrations"."app", "django_migrations"."name" FROM "django_migrations"; args=()
(0.001) 
            SELECT name, type FROM sqlite_master
            WHERE type in ('table', 'view') AND NOT name='sqlite_sequence'
            ORDER BY name; args=None
(0.000) SELECT "django_migrations"."app", "django_migrations"."name" FROM "django_migrations"; args=()
(0.001) 
            SELECT name, type FROM sqlite_master
            WHERE type in ('table', 'view') AND NOT name='sqlite_sequence'
            ORDER BY name; args=None
(0.000) SELECT "django_migrations"."app", "django_migrations"."name" FROM "django_migrations"; args=()
(0.001) 
            SELECT name, type FROM sqlite_master
            WHERE type in ('table', 'view') AND NOT name='sqlite_sequence'
            ORDER BY name; args=None
(0.000) SELECT "django_migrations"."app", "django_migrations"."name" FROM "django_migrations"; args=()
(0.001) 
            SELECT name, type FROM sqlite_master
            WHERE type in ('table', 'view') AND NOT name='sqlite_sequence'
            ORDER BY name; args=None
(0.000) SELECT "django_migrations"."app", "django_migrations"."name" FROM "django_migrations"; args=()
(0.001) 
            SELECT name, type FROM sqlite_master
            WHERE type in ('table', 'view') AND NOT name='sqlite_sequence'
            ORDER BY name; args=None
(0.000) SELECT "django_migrations"."app", "django_migrations"."name" FROM "django_migrations"; args=()
(0.001) 
            SELECT name, type FROM sqlite_master
            WHERE type in ('table', 'view') AND NOT name='sqlite_sequence'
            ORDER BY name; args=None
(0.000) SELECT "django_migrations"."app", "django_migrations"."name" FROM "django_migrations"; args=()
(0.001) 
            SELECT name, type FROM sqlite_master
            WHERE type in ('table', 'view') AND NOT name='sqlite_sequence'
            ORDER BY name; args=None
(0.000) SELECT "django_migrations"."app", "django_migrations"."name" FROM "django_migrations"; args=()
(0.001) 
            SELECT name, type FROM sqlite_master
            WHERE type in ('table', 'view') AND NOT name='sqlite_sequence'
            ORDER BY name; args=None
(0.000) SELECT "django_migrations"."app", "django_migrations"."name" FROM "django_migrations"; args=()
(0.001) 
            SELECT name, type FROM sqlite_master
            WHERE type in ('table', 'view') AND NOT name='sqlite_sequence'
            ORDER BY name; args=None
(0.000) SELECT "django_migrations"."app", "django_migrations"."name" FROM "django_migrations"; args=()
(0.001) 
            SELECT name, type FROM sqlite_master
            WHERE type in ('table', 'view') AND NOT name='sqlite_sequence'
            ORDER BY name; args=None
(0.000) SELECT "django_migrations"."app", "django_migrations"."name" FROM "django_migrations"; args=()
(0.001) 
            SELECT name, type FROM sqlite_master
            WHERE type in ('table', 'view') AND NOT name='sqlite_sequence'
            ORDER BY name; args=None
(0.000) SELECT "django_migrations"."app", "django_migrations"."name" FROM "django_migrations"; args=()
(0.001) 
            SELECT name, type FROM sqlite_master
            WHERE type in ('table', 'view') AND NOT name='sqlite_sequence'
            ORDER BY name; args=None
(0.000) SELECT "django_migrations"."app", "django_migrations"."name" FROM "django_migrations"; args=()
(0.001) 
            SELECT name, type FROM sqlite_master
            WHERE type in ('table', 'view') AND NOT name='sqlite_sequence'
            ORDER BY name; args=None
(0.000) SELECT "django_migrations"."app", "django_migrations"."name" FROM "django_migrations"; args=()
(0.001) 
            SELECT name, type FROM sqlite_master
            WHERE type in ('table', 'view') AND NOT name='sqlite_sequence'
            ORDER BY name; args=None
(0.000) SELECT "django_migrations"."app", "django_migrations"."name" FROM "django_migrations"; args=()
(0.001) 
            SELECT name, type FROM sqlite_master
            WHERE type in ('table', 'view') AND NOT name='sqlite_sequence'
            ORDER BY name; args=None
(0.000) SELECT "django_migrations"."app", "django_migrations"."name" FROM "django_migrations"; args=()
(0.001) 
            SELECT name, type FROM sqlite_master
            WHERE type in ('table', 'view') AND NOT name='sqlite_sequence'
            ORDER BY name; args=None
(0.000) SELECT "django_migrations"."app", "django_migrations"."name" FROM "django_migrations"; args=()
(0.001) 
            SELECT name, type FROM sqlite_master
            WHERE type in ('table', 'view') AND NOT name='sqlite_sequence'
            ORDER BY name; args=None
(0.000) SELECT "django_migrations"."app", "django_migrations"."name" FROM "django_migrations"; args=()
(0.001) 
            SELECT name, type FROM sqlite_master
            WHERE type in ('table', 'view') AND NOT name='sqlite_sequence'
            ORDER BY name; args=None
(0.000) SELECT "django_migrations"."app", "django_migrations"."name" FROM "django_migrations"; args=()
(0.005) 
            SELECT name, type FROM sqlite_master
            WHERE type in ('table', 'view') AND NOT name='sqlite_sequence'
            ORDER BY name; args=None
(0.000) SELECT "django_migrations"."app", "django_migrations"."name" FROM "django_migrations"; args=()
(0.001) 
            SELECT name, type FROM sqlite_master
            WHERE type in ('table', 'view') AND NOT name='sqlite_sequence'
            ORDER BY name; args=None
(0.000) SELECT "django_migrations"."app", "django_migrations"."name" FROM "django_migrations"; args=()
(0.000) 
            SELECT name, type FROM sqlite_master
            WHERE type in ('table', 'view') AND NOT name='sqlite_sequence'
            ORDER BY name; args=None
(0.000) SELECT "django_migrations"."app", "django_migrations"."name" FROM "django_migrations"; args=()
(0.000) PRAGMA foreign_keys; args=None
(0.000) PRAGMA foreign_keys = 0; args=None
(0.000) BEGIN; args=None
ALTER TABLE "video_video" RENAME TO "video_video__old"; (params ())
(0.001) ALTER TABLE "video_video" RENAME TO "video_video__old"; args=()
CREATE TABLE "video_video" ("id" integer NOT NULL PRIMARY KEY AUTOINCREMENT, "created" datetime NOT NULL, "last_modified" datetime NOT NULL, "hashtag" varchar(255) NOT NULL, "thumbnail_large" varchar(200) NULL, "thumbnail_small" varchar(200) NULL, "mobile" varchar(200) NULL, "low" varchar(200) NULL, "high" varchar(200) NULL, "hd" varchar(200) NULL, "pre_signed_upload_url" varchar(200) NULL, "title" varchar(256) NOT NULL, "ranking" integer NOT NULL, "is_featured" bool NOT NULL, "is_processing" bool NOT NULL, "category_id" integer NULL REFERENCES "video_category" ("id"), "related_profile_id" integer NOT NULL REFERENCES "profile_profile" ("id"), "sub_category_id" integer NULL REFERENCES "video_category" ("id"), "processing_progress" integer NOT NULL, "is_active" bool NOT NULL, "s3_filename" varchar(1024) NOT NULL); (params None)
(0.000) CREATE TABLE "video_video" ("id" integer NOT NULL PRIMARY KEY AUTOINCREMENT, "created" datetime NOT NULL, "last_modified" datetime NOT NULL, "hashtag" varchar(255) NOT NULL, "thumbnail_large" varchar(200) NULL, "thumbnail_small" varchar(200) NULL, "mobile" varchar(200) NULL, "low" varchar(200) NULL, "high" varchar(200) NULL, "hd" varchar(200) NULL, "pre_signed_upload_url" varchar(200) NULL, "title" varchar(256) NOT NULL, "ranking" integer NOT NULL, "is_featured" bool NOT NULL, "is_processing" bool NOT NULL, "category_id" integer NULL REFERENCES "video_category" ("id"), "related_profile_id" integer NOT NULL REFERENCES "profile_profile" ("id"), "sub_category_id" integer NULL REFERENCES "video_category" ("id"), "processing_progress" integer NOT NULL, "is_active" bool NOT NULL, "s3_filename" varchar(1024) NOT NULL); args=None
INSERT INTO "video_video" ("ranking", "hd", "low", "is_featured", "is_processing", "created", "related_profile_id", "hashtag", "category_id", "title", "pre_signed_upload_url", "thumbnail_large", "is_active", "last_modified", "sub_category_id", "thumbnail_small", "high", "processing_progress", "mobile", "s3_filename", "id") SELECT "ranking", "hd", "low", "is_featured", "is_processing", "created", "related_profile_id", "hashtag", "category_id", "title", "pre_signed_upload_url", "thumbnail_large", "is_active", "last_modified", "sub_category_id", "thumbnail_small", "high", "processing_progress", "mobile", coalesce("s3_filename", NULL), "id" FROM "video_video__old"; (params ())
(0.000) INSERT INTO "video_video" ("ranking", "hd", "low", "is_featured", "is_processing", "created", "related_profile_id", "hashtag", "category_id", "title", "pre_signed_upload_url", "thumbnail_large", "is_active", "last_modified", "sub_category_id", "thumbnail_small", "high", "processing_progress", "mobile", "s3_filename", "id") SELECT "ranking", "hd", "low", "is_featured", "is_processing", "created", "related_profile_id", "hashtag", "category_id", "title", "pre_signed_upload_url", "thumbnail_large", "is_active", "last_modified", "sub_category_id", "thumbnail_small", "high", "processing_progress", "mobile", coalesce("s3_filename", NULL), "id" FROM "video_video__old"; args=()
(0.000) PRAGMA foreign_keys = 0; args=None
(0.001) 
            SELECT name, type FROM sqlite_master
            WHERE type in ('table', 'view') AND NOT name='sqlite_sequence'
            ORDER BY name; args=None
(0.000) SELECT "django_migrations"."app", "django_migrations"."name" FROM "django_migrations"; args=()
(0.000) 
            SELECT name, type FROM sqlite_master
            WHERE type in ('table', 'view') AND NOT name='sqlite_sequence'
            ORDER BY name; args=None
(0.000) SELECT "django_migrations"."app", "django_migrations"."name" FROM "django_migrations"; args=()
(0.000) PRAGMA foreign_keys; args=None
(0.000) PRAGMA foreign_keys = 0; args=None
(0.000) BEGIN; args=None
ALTER TABLE "video_video" RENAME TO "video_video__old"; (params ())
(0.001) ALTER TABLE "video_video" RENAME TO "video_video__old"; args=()
CREATE TABLE "video_video" ("id" integer NOT NULL PRIMARY KEY AUTOINCREMENT, "created" datetime NOT NULL, "last_modified" datetime NOT NULL, "hashtag" varchar(255) NOT NULL, "thumbnail_large" varchar(200) NULL, "thumbnail_small" varchar(200) NULL, "mobile" varchar(200) NULL, "low" varchar(200) NULL, "high" varchar(200) NULL, "hd" varchar(200) NULL, "pre_signed_upload_url" varchar(200) NULL, "title" varchar(256) NOT NULL, "ranking" integer NOT NULL, "is_featured" bool NOT NULL, "is_processing" bool NOT NULL, "category_id" integer NULL REFERENCES "video_category" ("id"), "related_profile_id" integer NOT NULL REFERENCES "profile_profile" ("id"), "sub_category_id" integer NULL REFERENCES "video_category" ("id"), "processing_progress" integer NOT NULL, "is_active" bool NOT NULL, "s3_filename" varchar(1024) NOT NULL); (params None)
(0.000) CREATE TABLE "video_video" ("id" integer NOT NULL PRIMARY KEY AUTOINCREMENT, "created" datetime NOT NULL, "last_modified" datetime NOT NULL, "hashtag" varchar(255) NOT NULL, "thumbnail_large" varchar(200) NULL, "thumbnail_small" varchar(200) NULL, "mobile" varchar(200) NULL, "low" varchar(200) NULL, "high" varchar(200) NULL, "hd" varchar(200) NULL, "pre_signed_upload_url" varchar(200) NULL, "title" varchar(256) NOT NULL, "ranking" integer NOT NULL, "is_featured" bool NOT NULL, "is_processing" bool NOT NULL, "category_id" integer NULL REFERENCES "video_category" ("id"), "related_profile_id" integer NOT NULL REFERENCES "profile_profile" ("id"), "sub_category_id" integer NULL REFERENCES "video_category" ("id"), "processing_progress" integer NOT NULL, "is_active" bool NOT NULL, "s3_filename" varchar(1024) NOT NULL); args=None
INSERT INTO "video_video" ("processing_progress", "low", "hashtag", "thumbnail_large", "mobile", "pre_signed_upload_url", "high", "hd", "ranking", "id", "s3_filename", "related_profile_id", "is_active", "thumbnail_small", "title", "is_featured", "last_modified", "sub_category_id", "is_processing", "created", "category_id") SELECT "processing_progress", "low", "hashtag", "thumbnail_large", "mobile", "pre_signed_upload_url", "high", "hd", "ranking", "id", coalesce("s3_filename", NULL), "related_profile_id", "is_active", "thumbnail_small", "title", "is_featured", "last_modified", "sub_category_id", "is_processing", "created", "category_id" FROM "video_video__old"; (params ())
(0.000) INSERT INTO "video_video" ("processing_progress", "low", "hashtag", "thumbnail_large", "mobile", "pre_signed_upload_url", "high", "hd", "ranking", "id", "s3_filename", "related_profile_id", "is_active", "thumbnail_small", "title", "is_featured", "last_modified", "sub_category_id", "is_processing", "created", "category_id") SELECT "processing_progress", "low", "hashtag", "thumbnail_large", "mobile", "pre_signed_upload_url", "high", "hd", "ranking", "id", coalesce("s3_filename", NULL), "related_profile_id", "is_active", "thumbnail_small", "title", "is_featured", "last_modified", "sub_category_id", "is_processing", "created", "category_id" FROM "video_video__old"; args=()
DROP TABLE "video_video__old"; (params ())
(0.000) DROP TABLE "video_video__old"; args=()
CREATE INDEX "video_video_is_processing_a30b2046" ON "video_video" ("is_processing"); (params ())
(0.000) CREATE INDEX "video_video_is_processing_a30b2046" ON "video_video" ("is_processing"); args=()
CREATE INDEX "video_video_category_id_63a5d2bd" ON "video_video" ("category_id"); (params ())
(0.000) CREATE INDEX "video_video_category_id_63a5d2bd" ON "video_video" ("category_id"); args=()
CREATE INDEX "video_video_related_profile_id_848549d9" ON "video_video" ("related_profile_id"); (params ())
(0.000) CREATE INDEX "video_video_related_profile_id_848549d9" ON "video_video" ("related_profile_id"); args=()
CREATE INDEX "video_video_sub_category_id_44fb63aa" ON "video_video" ("sub_category_id"); (params ())
(0.000) CREATE INDEX "video_video_sub_category_id_44fb63aa" ON "video_video" ("sub_category_id"); args=()
CREATE INDEX "video_video_s3_filename_b829f392" ON "video_video" ("s3_filename"); (params ())
(0.000) CREATE INDEX "video_video_s3_filename_b829f392" ON "video_video" ("s3_filename"); args=()
(0.000) PRAGMA foreign_keys = 0; args=None
(0.000) 
            SELECT name, type FROM sqlite_master
            WHERE type in ('table', 'view') AND NOT name='sqlite_sequence'
            ORDER BY name; args=None
(0.000) BEGIN; args=None
(0.000) INSERT INTO "django_migrations" ("app", "name", "applied") VALUES ('video', '0004_auto_20170620_0441', '2017-06-20 04:45:29.925379'); args=['video', '0004_auto_20170620_0441', '2017-06-20 04:45:29.925379']
(0.000) 
            SELECT name, type FROM sqlite_master
            WHERE type in ('table', 'view') AND NOT name='sqlite_sequence'
            ORDER BY name; args=None
(0.000) SELECT "django_migrations"."app", "django_migrations"."name" FROM "django_migrations"; args=()
(0.000) SELECT "django_content_type"."id", "django_content_type"."app_label", "django_content_type"."model" FROM "django_content_type" WHERE ("django_content_type"."app_label" = 'admin' AND "django_content_type"."model" = 'logentry'); args=('admin', 'logentry')
(0.000) SELECT "auth_permission"."content_type_id", "auth_permission"."codename" FROM "auth_permission" INNER JOIN "django_content_type" ON ("auth_permission"."content_type_id" = "django_content_type"."id") WHERE "auth_permission"."content_type_id" IN (1) ORDER BY "django_content_type"."app_label" ASC, "django_content_type"."model" ASC, "auth_permission"."codename" ASC; args=(1,)
(0.000) SELECT "django_content_type"."id", "django_content_type"."app_label", "django_content_type"."model" FROM "django_content_type" WHERE "django_content_type"."app_label" = 'admin'; args=('admin',)
(0.000) SELECT "django_content_type"."id", "django_content_type"."app_label", "django_content_type"."model" FROM "django_content_type" WHERE ("django_content_type"."app_label" = 'auth' AND "django_content_type"."model" = 'permission'); args=('auth', 'permission')
(0.000) SELECT "django_content_type"."id", "django_content_type"."app_label", "django_content_type"."model" FROM "django_content_type" WHERE ("django_content_type"."app_label" = 'auth' AND "django_content_type"."model" = 'group'); args=('auth', 'group')
(0.000) SELECT "auth_permission"."content_type_id", "auth_permission"."codename" FROM "auth_permission" INNER JOIN "django_content_type" ON ("auth_permission"."content_type_id" = "django_content_type"."id") WHERE "auth_permission"."content_type_id" IN (2, 3) ORDER BY "django_content_type"."app_label" ASC, "django_content_type"."model" ASC, "auth_permission"."codename" ASC; args=(2, 3)
(0.000) SELECT "django_content_type"."id", "django_content_type"."app_label", "django_content_type"."model" FROM "django_content_type" WHERE "django_content_type"."app_label" = 'auth'; args=('auth',)
(0.000) SELECT "django_content_type"."id", "django_content_type"."app_label", "django_content_type"."model" FROM "django_content_type" WHERE ("django_content_type"."app_label" = 'contenttypes' AND "django_content_type"."model" = 'contenttype'); args=('contenttypes', 'contenttype')
(0.000) SELECT "auth_permission"."content_type_id", "auth_permission"."codename" FROM "auth_permission" INNER JOIN "django_content_type" ON ("auth_permission"."content_type_id" = "django_content_type"."id") WHERE "auth_permission"."content_type_id" IN (4) ORDER BY "django_content_type"."app_label" ASC, "django_content_type"."model" ASC, "auth_permission"."codename" ASC; args=(4,)
(0.000) SELECT "django_content_type"."id", "django_content_type"."app_label", "django_content_type"."model" FROM "django_content_type" WHERE "django_content_type"."app_label" = 'contenttypes'; args=('contenttypes',)
(0.000) SELECT "django_content_type"."id", "django_content_type"."app_label", "django_content_type"."model" FROM "django_content_type" WHERE ("django_content_type"."app_label" = 'sessions' AND "django_content_type"."model" = 'session'); args=('sessions', 'session')
(0.000) SELECT "auth_permission"."content_type_id", "auth_permission"."codename" FROM "auth_permission" INNER JOIN "django_content_type" ON ("auth_permission"."content_type_id" = "django_content_type"."id") WHERE "auth_permission"."content_type_id" IN (5) ORDER BY "django_content_type"."app_label" ASC, "django_content_type"."model" ASC, "auth_permission"."codename" ASC; args=(5,)
(0.000) SELECT "django_content_type"."id", "django_content_type"."app_label", "django_content_type"."model" FROM "django_content_type" WHERE "django_content_type"."app_label" = 'sessions'; args=('sessions',)
(0.000) SELECT "django_content_type"."id", "django_content_type"."app_label", "django_content_type"."model" FROM "django_content_type" WHERE "django_content_type"."app_label" = 'corsheaders'; args=('corsheaders',)
(0.000) SELECT "django_content_type"."id", "django_content_type"."app_label", "django_content_type"."model" FROM "django_content_type" WHERE ("django_content_type"."app_label" = 'oauth2_provider' AND "django_content_type"."model" = 'application'); args=('oauth2_provider', 'application')
(0.000) SELECT "django_content_type"."id", "django_content_type"."app_label", "django_content_type"."model" FROM "django_content_type" WHERE ("django_content_type"."app_label" = 'oauth2_provider' AND "django_content_type"."model" = 'accesstoken'); args=('oauth2_provider', 'accesstoken')
(0.000) SELECT "django_content_type"."id", "django_content_type"."app_label", "django_content_type"."model" FROM "django_content_type" WHERE ("django_content_type"."app_label" = 'oauth2_provider' AND "django_content_type"."model" = 'grant'); args=('oauth2_provider', 'grant')
(0.000) SELECT "django_content_type"."id", "django_content_type"."app_label", "django_content_type"."model" FROM "django_content_type" WHERE ("django_content_type"."app_label" = 'oauth2_provider' AND "django_content_type"."model" = 'refreshtoken'); args=('oauth2_provider', 'refreshtoken')
(0.000) SELECT "auth_permission"."content_type_id", "auth_permission"."codename" FROM "auth_permission" INNER JOIN "django_content_type" ON ("auth_permission"."content_type_id" = "django_content_type"."id") WHERE "auth_permission"."content_type_id" IN (8, 9, 6, 7) ORDER BY "django_content_type"."app_label" ASC, "django_content_type"."model" ASC, "auth_permission"."codename" ASC; args=(8, 9, 6, 7)
(0.000) SELECT "django_content_type"."id", "django_content_type"."app_label", "django_content_type"."model" FROM "django_content_type" WHERE "django_content_type"."app_label" = 'oauth2_provider'; args=('oauth2_provider',)
(0.000) SELECT "django_content_type"."id", "django_content_type"."app_label", "django_content_type"."model" FROM "django_content_type" WHERE "django_content_type"."app_label" = 'rest_framework'; args=('rest_framework',)
(0.000) SELECT "django_content_type"."id", "django_content_type"."app_label", "django_content_type"."model" FROM "django_content_type" WHERE ("django_content_type"."app_label" = 'profile' AND "django_content_type"."model" = 'profile'); args=('profile', 'profile')
(0.000) SELECT "auth_permission"."content_type_id", "auth_permission"."codename" FROM "auth_permission" INNER JOIN "django_content_type" ON ("auth_permission"."content_type_id" = "django_content_type"."id") WHERE "auth_permission"."content_type_id" IN (10) ORDER BY "django_content_type"."app_label" ASC, "django_content_type"."model" ASC, "auth_permission"."codename" ASC; args=(10,)
(0.000) SELECT "django_content_type"."id", "django_content_type"."app_label", "django_content_type"."model" FROM "django_content_type" WHERE "django_content_type"."app_label" = 'profile'; args=('profile',)
(0.000) SELECT "django_content_type"."id", "django_content_type"."app_label", "django_content_type"."model" FROM "django_content_type" WHERE ("django_content_type"."app_label" = 'video' AND "django_content_type"."model" = 'video'); args=('video', 'video')
(0.000) SELECT "django_content_type"."id", "django_content_type"."app_label", "django_content_type"."model" FROM "django_content_type" WHERE ("django_content_type"."app_label" = 'video' AND "django_content_type"."model" = 'category'); args=('video', 'category')
(0.000) SELECT "auth_permission"."content_type_id", "auth_permission"."codename" FROM "auth_permission" INNER JOIN "django_content_type" ON ("auth_permission"."content_type_id" = "django_content_type"."id") WHERE "auth_permission"."content_type_id" IN (11, 12) ORDER BY "django_content_type"."app_label" ASC, "django_content_type"."model" ASC, "auth_permission"."codename" ASC; args=(11, 12)
(0.000) SELECT "django_content_type"."id", "django_content_type"."app_label", "django_content_type"."model" FROM "django_content_type" WHERE "django_content_type"."app_label" = 'video'; args=('video',)
